#
# There is insufficient memory for the Java Runtime Environment to continue.
# Native memory allocation (malloc) failed to allocate 707776 bytes for Chunk::new
# Possible reasons:
#   The system is out of physical RAM or swap space
#   The process is running with CompressedOops enabled, and the Java Heap may be blocking the growth of the native heap
# Possible solutions:
#   Reduce memory load on the system
#   Increase physical memory or swap space
#   Check if swap backing store is full
#   Decrease Java heap size (-Xmx/-Xms)
#   Decrease number of Java threads
#   Decrease Java thread stack sizes (-Xss)
#   Set larger code cache with -XX:ReservedCodeCacheSize=
#   JVM is running with Unscaled Compressed Oops mode in which the Java heap is
#     placed in the first 4GB address space. The Java Heap base address is the
#     maximum limit for the native heap growth. Please use -XX:HeapBaseMinAddress
#     to set the Java Heap base and to place the Java Heap above 4GB virtual address.
# This output file may be truncated or incomplete.
#
#  Out of Memory Error (allocation.cpp:389), pid=1812, tid=0x0000000000003558
#
# JRE version: OpenJDK Runtime Environment (8.0_242-b01) (build 1.8.0_242-release-1644-b01)
# Java VM: OpenJDK 64-Bit Server VM (25.242-b01 mixed mode windows-amd64 compressed oops)
# Failed to write core dump. Minidumps are not enabled by default on client versions of Windows
#

---------------  T H R E A D  ---------------

Current thread (0x0000000019b7f800):  JavaThread "C2 CompilerThread2" daemon [_thread_in_native, id=13656, stack(0x000000001a640000,0x000000001a740000)]

Stack: [0x000000001a640000,0x000000001a740000]
[error occurred during error reporting (printing stack bounds), id 0xc0000005]

Native frames: (J=compiled Java code, j=interpreted, Vv=VM code, C=native code)


Current CompileTask:
C2:5223787 19828       4       com.sun.tools.javac.comp.Resolve::findMethod (432 bytes)


---------------  P R O C E S S  ---------------

Java Threads: ( => current thread )
  0x000000001edad800 JavaThread "Cache worker for Java compile cache (C:\Users\shafi\Documents\Coolyeahhh\Anvie\.gradle\6.1.1\javaCompile)" [_thread_blocked, id=28752, stack(0x00000000274c0000,0x00000000275c0000)]
  0x000000001edaa800 JavaThread "Cache worker for execution history cache (C:\Users\shafi\Documents\Coolyeahhh\Anvie\.gradle\6.1.1\executionHistory)" [_thread_blocked, id=22096, stack(0x00000000267c0000,0x00000000268c0000)]
  0x000000001eda3000 JavaThread "Execution worker for ':' Thread 7" [_thread_blocked, id=23968, stack(0x0000000027610000,0x0000000027710000)]
  0x000000001edaa000 JavaThread "Execution worker for ':' Thread 6" [_thread_blocked, id=29072, stack(0x00000000266c0000,0x00000000267c0000)]
  0x000000001eda9000 JavaThread "Execution worker for ':' Thread 5" [_thread_blocked, id=6820, stack(0x00000000273c0000,0x00000000274c0000)]
  0x000000001eda6000 JavaThread "Execution worker for ':' Thread 4" [_thread_blocked, id=18048, stack(0x00000000272c0000,0x00000000273c0000)]
  0x000000001eda8800 JavaThread "Execution worker for ':' Thread 3" [_thread_in_native, id=29148, stack(0x00000000271c0000,0x00000000272c0000)]
  0x000000001eda5800 JavaThread "Execution worker for ':' Thread 2" [_thread_blocked, id=7376, stack(0x0000000026cc0000,0x0000000026dc0000)]
  0x000000001eda7800 JavaThread "Execution worker for ':'" [_thread_blocked, id=25548, stack(0x00000000268f0000,0x00000000269f0000)]
  0x000000001ae48000 JavaThread "Cache worker for file content cache (C:\Users\shafi\Documents\Coolyeahhh\Anvie\.gradle\6.1.1\fileContent)" [_thread_blocked, id=22380, stack(0x0000000025d20000,0x0000000025e20000)]
  0x000000001ae4c800 JavaThread "Cache worker for Build Output Cleanup Cache (C:\Users\shafi\Documents\Coolyeahhh\Anvie\.gradle\buildOutputCleanup)" [_thread_blocked, id=5312, stack(0x0000000025c20000,0x0000000025d20000)]
  0x000000001ae4d000 JavaThread "pool-12-thread-1" [_thread_blocked, id=20148, stack(0x0000000024120000,0x0000000024220000)]
  0x000000001ae4b000 JavaThread "Build operations Thread 8" [_thread_blocked, id=21840, stack(0x0000000023e20000,0x0000000023f20000)]
  0x000000001ae4a000 JavaThread "Build operations Thread 7" [_thread_blocked, id=30344, stack(0x0000000023920000,0x0000000023a20000)]
  0x000000001ae4b800 JavaThread "Build operations Thread 6" [_thread_blocked, id=21820, stack(0x0000000023820000,0x0000000023920000)]
  0x000000001ae48800 JavaThread "Build operations Thread 5" [_thread_blocked, id=25120, stack(0x0000000023720000,0x0000000023820000)]
  0x000000001ae4e000 JavaThread "Build operations Thread 4" [_thread_blocked, id=30468, stack(0x0000000023620000,0x0000000023720000)]
  0x000000001ae4e800 JavaThread "Build operations Thread 3" [_thread_blocked, id=14104, stack(0x0000000023520000,0x0000000023620000)]
  0x000000001ae49800 JavaThread "Build operations Thread 2" [_thread_blocked, id=5364, stack(0x0000000023140000,0x0000000023240000)]
  0x000000001ae40000 JavaThread "Build operations" [_thread_blocked, id=28980, stack(0x0000000023040000,0x0000000023140000)]
  0x000000001ae47000 JavaThread "Cache worker for cache directory md-rule (C:\Users\shafi\.gradle\caches\6.1.1\md-rule)" [_thread_blocked, id=5416, stack(0x0000000022040000,0x0000000022140000)]
  0x000000001ae46800 JavaThread "Cache worker for cache directory md-supplier (C:\Users\shafi\.gradle\caches\6.1.1\md-supplier)" [_thread_blocked, id=9940, stack(0x000000001e460000,0x000000001e560000)]
  0x000000001ae45000 JavaThread "Cache worker for file hash cache (C:\Users\shafi\Documents\Coolyeahhh\Anvie\.gradle\6.1.1\fileHashes)" [_thread_blocked, id=23100, stack(0x000000001e360000,0x000000001e460000)]
  0x000000001ae41000 JavaThread "Cache worker for checksums cache (C:\Users\shafi\Documents\Coolyeahhh\Anvie\.gradle\checksums)" [_thread_blocked, id=28604, stack(0x000000001e160000,0x000000001e260000)]
  0x000000001ae41800 JavaThread "Thread-147" [_thread_blocked, id=11380, stack(0x000000001e060000,0x000000001e160000)]
  0x000000001ae44000 JavaThread "Stdin handler" [_thread_blocked, id=29816, stack(0x000000001df60000,0x000000001e060000)]
  0x000000001c7f5000 JavaThread "Asynchronous log dispatcher for DefaultDaemonConnection: socket connection from /127.0.0.1:58215 to /127.0.0.1:59820" [_thread_blocked, id=5016, stack(0x000000001dc60000,0x000000001dd60000)]
  0x000000001c7f9800 JavaThread "Cancel handler" [_thread_blocked, id=28740, stack(0x0000000001170000,0x0000000001270000)]
  0x000000001c7f8000 JavaThread "Handler for socket connection from /127.0.0.1:58215 to /127.0.0.1:59820" [_thread_in_native, id=26128, stack(0x0000000001070000,0x0000000001170000)]
  0x000000001ae43800 JavaThread "Daemon worker Thread 3" [_thread_blocked, id=26712, stack(0x000000001db60000,0x000000001dc60000)]
  0x000000001ae45800 JavaThread "Daemon Thread 3" [_thread_blocked, id=18496, stack(0x0000000000f70000,0x0000000001070000)]
  0x000000001edb1800 JavaThread "Cache worker for Java compile cache (C:\Users\shafi\.gradle\caches\6.1.1\javaCompile)" [_thread_blocked, id=19428, stack(0x0000000027f90000,0x0000000028090000)]
  0x000000001bad4000 JavaThread "Cache worker for file content cache (C:\Users\shafi\.gradle\caches\6.1.1\fileContent)" [_thread_blocked, id=27332, stack(0x0000000025b20000,0x0000000025c20000)]
  0x000000001bad0800 JavaThread "Memory manager" [_thread_blocked, id=28508, stack(0x0000000024a20000,0x0000000024b20000)]
  0x000000001c7fa000 JavaThread "Cache worker for execution history cache (C:\Users\shafi\.gradle\caches\6.1.1\executionHistory)" [_thread_blocked, id=29540, stack(0x0000000022140000,0x0000000022240000)]
  0x000000001c7fb000 JavaThread "Cache worker for file hash cache (C:\Users\shafi\.gradle\caches\6.1.1\fileHashes)" [_thread_blocked, id=11624, stack(0x000000001e960000,0x000000001ea60000)]
  0x000000001c7f7000 JavaThread "File lock request listener" [_thread_in_native, id=15496, stack(0x000000001e860000,0x000000001e960000)]
  0x000000001c8ff800 JavaThread "Cache worker for journal cache (C:\Users\shafi\.gradle\caches\journal-1)" [_thread_blocked, id=25536, stack(0x000000001e760000,0x000000001e860000)]
  0x000000001c65e800 JavaThread "Daemon periodic checks" [_thread_blocked, id=9392, stack(0x000000001da60000,0x000000001db60000)]
  0x000000001c65d000 JavaThread "Incoming local TCP Connector on port 58215" [_thread_in_native, id=26860, stack(0x000000001d820000,0x000000001d920000)]
  0x000000001c6f7800 JavaThread "Daemon health stats" [_thread_blocked, id=29664, stack(0x000000001d1e0000,0x000000001d2e0000)]
  0x0000000019c06800 JavaThread "Service Thread" daemon [_thread_blocked, id=23852, stack(0x000000001a840000,0x000000001a940000)]
  0x0000000019b9d800 JavaThread "C1 CompilerThread3" daemon [_thread_in_vm, id=24740, stack(0x000000001a740000,0x000000001a840000)]
=>0x0000000019b7f800 JavaThread "C2 CompilerThread2" daemon [_thread_in_native, id=13656, stack(0x000000001a640000,0x000000001a740000)]
  0x0000000019b77800 JavaThread "C2 CompilerThread1" daemon [_thread_in_native, id=22680, stack(0x000000001a540000,0x000000001a640000)]
  0x0000000019b73800 JavaThread "C2 CompilerThread0" daemon [_thread_in_native, id=29556, stack(0x000000001a440000,0x000000001a540000)]
  0x0000000019b72000 JavaThread "Attach Listener" daemon [_thread_blocked, id=18344, stack(0x000000001a340000,0x000000001a440000)]
  0x0000000019b70800 JavaThread "Signal Dispatcher" daemon [_thread_blocked, id=29688, stack(0x000000001a240000,0x000000001a340000)]
  0x0000000019b60800 JavaThread "Finalizer" daemon [_thread_blocked, id=29380, stack(0x000000001a040000,0x000000001a140000)]
  0x0000000017d6c000 JavaThread "Reference Handler" daemon [_thread_blocked, id=29828, stack(0x0000000019f40000,0x000000001a040000)]
  0x0000000002bc2800 JavaThread "main" [_thread_blocked, id=17824, stack(0x0000000002a80000,0x0000000002b80000)]

Other Threads:
  0x0000000017d66800 VMThread [stack: 0x0000000019a40000,0x0000000019b40000] [id=27024]
  0x0000000019c07000 WatcherThread [stack: 0x000000001a940000,0x000000001aa40000] [id=30688]

VM state:not at safepoint (normal execution)

VM Mutex/Monitor currently owned by a thread:  ([mutex/lock_event])
[0x0000000002bc0fd0] CompiledIC_lock - owner thread: 0x000000001ae45000

heap address: 0x0000000080000000, size: 2048 MB, Compressed Oops mode: 32-bit
Narrow klass base: 0x0000000000000000, Narrow klass shift: 3
Compressed class space size: 1073741824 Address: 0x0000000100000000

Heap:
 PSYoungGen      total 485888K, used 254297K [0x00000000d5580000, 0x00000000fee00000, 0x0000000100000000)
  eden space 391680K, 40% used [0x00000000d5580000,0x00000000df1dc6e0,0x00000000ed400000)
  from space 94208K, 99% used [0x00000000ed400000,0x00000000f2ffa050,0x00000000f3000000)
  to   space 124928K, 0% used [0x00000000f7400000,0x00000000f7400000,0x00000000fee00000)
 ParOldGen       total 321536K, used 164688K [0x0000000080000000, 0x0000000093a00000, 0x00000000d5580000)
  object space 321536K, 51% used [0x0000000080000000,0x000000008a0d4350,0x0000000093a00000)
 Metaspace       used 120254K, capacity 124708K, committed 125096K, reserved 1159168K
  class space    used 15035K, capacity 15949K, committed 16048K, reserved 1048576K

Card table byte_map: [0x00000000120c0000,0x00000000124d0000] byte_map_base: 0x0000000011cc0000

Marking Bits: (ParMarkBitMap*) 0x00000000718af030
 Begin Bits: [0x0000000012f80000, 0x0000000014f80000)
 End Bits:   [0x0000000014f80000, 0x0000000016f80000)

Polling page: 0x0000000001400000

CodeCache: size=245760Kb used=55091Kb max_used=55091Kb free=190668Kb
 bounds [0x0000000002d00000, 0x0000000006320000, 0x0000000011d00000]
 total_blobs=16827 nmethods=15962 adapters=775
 compilation: enabled

Compilation events (10 events):
Event: 5223.749 Thread 0x0000000019b9d800 nmethod 19873 0x0000000006301890 code [0x0000000006301a00, 0x0000000006301c28]
Event: 5223.764 Thread 0x0000000019b9d800 19874       3       com.sun.tools.javac.tree.TreeScanner::visitAssignop (17 bytes)
Event: 5223.764 Thread 0x0000000019b9d800 nmethod 19874 0x0000000006301d10 code [0x0000000006301e80, 0x0000000006302178]
Event: 5223.764 Thread 0x0000000019b9d800 19875       3       com.sun.tools.javac.comp.Resolve::isProtectedAccessible (110 bytes)
Event: 5223.766 Thread 0x0000000019b9d800 nmethod 19875 0x0000000006302250 code [0x0000000006302460, 0x0000000006302ee8]
Event: 5223.766 Thread 0x0000000019b9d800 19876       3       com.sun.tools.javac.code.Type$BottomType::constType (2 bytes)
Event: 5223.767 Thread 0x0000000019b9d800 nmethod 19876 0x00000000058c9bd0 code [0x00000000058c9d20, 0x00000000058c9e70]
Event: 5223.774 Thread 0x0000000019b9d800 19877       3       com.sun.tools.javac.code.Types$8::visitClassType (10 bytes)
Event: 5223.775 Thread 0x0000000019b9d800 nmethod 19877 0x0000000006303290 code [0x0000000006303400, 0x0000000006303688]
Event: 5223.775 Thread 0x0000000019b9d800 19878       3       com.sun.tools.javac.code.Types$8::visitClassType (987 bytes)

GC Heap History (10 events):
Event: 150.259 GC heap before
{Heap before GC invocations=19 (full 4):
 PSYoungGen      total 382464K, used 324608K [0x00000000d5580000, 0x00000000f0480000, 0x0000000100000000)
  eden space 324608K, 100% used [0x00000000d5580000,0x00000000e9280000,0x00000000e9280000)
  from space 57856K, 0% used [0x00000000ecc00000,0x00000000ecc00000,0x00000000f0480000)
  to   space 58368K, 0% used [0x00000000e9280000,0x00000000e9280000,0x00000000ecb80000)
 ParOldGen       total 321536K, used 61363K [0x0000000080000000, 0x0000000093a00000, 0x00000000d5580000)
  object space 321536K, 19% used [0x0000000080000000,0x0000000083bece80,0x0000000093a00000)
 Metaspace       used 95932K, capacity 99378K, committed 100264K, reserved 1136640K
  class space    used 12350K, capacity 13076K, committed 13232K, reserved 1048576K
Event: 150.332 GC heap after
Heap after GC invocations=19 (full 4):
 PSYoungGen      total 382976K, used 44177K [0x00000000d5580000, 0x00000000f5580000, 0x0000000100000000)
  eden space 324608K, 0% used [0x00000000d5580000,0x00000000d5580000,0x00000000e9280000)
  from space 58368K, 75% used [0x00000000e9280000,0x00000000ebda47a0,0x00000000ecb80000)
  to   space 62976K, 0% used [0x00000000f1800000,0x00000000f1800000,0x00000000f5580000)
 ParOldGen       total 321536K, used 61371K [0x0000000080000000, 0x0000000093a00000, 0x00000000d5580000)
  object space 321536K, 19% used [0x0000000080000000,0x0000000083beee80,0x0000000093a00000)
 Metaspace       used 95932K, capacity 99378K, committed 100264K, reserved 1136640K
  class space    used 12350K, capacity 13076K, committed 13232K, reserved 1048576K
}
Event: 200.696 GC heap before
{Heap before GC invocations=20 (full 4):
 PSYoungGen      total 382976K, used 368785K [0x00000000d5580000, 0x00000000f5580000, 0x0000000100000000)
  eden space 324608K, 100% used [0x00000000d5580000,0x00000000e9280000,0x00000000e9280000)
  from space 58368K, 75% used [0x00000000e9280000,0x00000000ebda47a0,0x00000000ecb80000)
  to   space 62976K, 0% used [0x00000000f1800000,0x00000000f1800000,0x00000000f5580000)
 ParOldGen       total 321536K, used 61371K [0x0000000080000000, 0x0000000093a00000, 0x00000000d5580000)
  object space 321536K, 19% used [0x0000000080000000,0x0000000083beee80,0x0000000093a00000)
 Metaspace       used 102257K, capacity 105954K, committed 106664K, reserved 1142784K
  class space    used 13050K, capacity 13798K, committed 14000K, reserved 1048576K
Event: 200.724 GC heap after
Heap after GC invocations=20 (full 4):
 PSYoungGen      total 433664K, used 12354K [0x00000000d5580000, 0x00000000f4680000, 0x0000000100000000)
  eden space 386048K, 0% used [0x00000000d5580000,0x00000000d5580000,0x00000000ece80000)
  from space 47616K, 25% used [0x00000000f1800000,0x00000000f2410958,0x00000000f4680000)
  to   space 61440K, 0% used [0x00000000ece80000,0x00000000ece80000,0x00000000f0a80000)
 ParOldGen       total 321536K, used 61379K [0x0000000080000000, 0x0000000093a00000, 0x00000000d5580000)
  object space 321536K, 19% used [0x0000000080000000,0x0000000083bf0e80,0x0000000093a00000)
 Metaspace       used 102257K, capacity 105954K, committed 106664K, reserved 1142784K
  class space    used 13050K, capacity 13798K, committed 14000K, reserved 1048576K
}
Event: 5170.096 GC heap before
{Heap before GC invocations=21 (full 4):
 PSYoungGen      total 433664K, used 398402K [0x00000000d5580000, 0x00000000f4680000, 0x0000000100000000)
  eden space 386048K, 100% used [0x00000000d5580000,0x00000000ece80000,0x00000000ece80000)
  from space 47616K, 25% used [0x00000000f1800000,0x00000000f2410958,0x00000000f4680000)
  to   space 61440K, 0% used [0x00000000ece80000,0x00000000ece80000,0x00000000f0a80000)
 ParOldGen       total 321536K, used 61379K [0x0000000080000000, 0x0000000093a00000, 0x00000000d5580000)
  object space 321536K, 19% used [0x0000000080000000,0x0000000083bf0e80,0x0000000093a00000)
 Metaspace       used 103480K, capacity 107494K, committed 107688K, reserved 1142784K
  class space    used 13159K, capacity 13966K, committed 14000K, reserved 1048576K
Event: 5170.133 GC heap after
Heap after GC invocations=21 (full 4):
 PSYoungGen      total 447488K, used 10184K [0x00000000d5580000, 0x00000000f6a80000, 0x0000000100000000)
  eden space 386048K, 0% used [0x00000000d5580000,0x00000000d5580000,0x00000000ece80000)
  from space 61440K, 16% used [0x00000000ece80000,0x00000000ed8721d8,0x00000000f0a80000)
  to   space 59904K, 0% used [0x00000000f3000000,0x00000000f3000000,0x00000000f6a80000)
 ParOldGen       total 321536K, used 61387K [0x0000000080000000, 0x0000000093a00000, 0x00000000d5580000)
  object space 321536K, 19% used [0x0000000080000000,0x0000000083bf2e80,0x0000000093a00000)
 Metaspace       used 103480K, capacity 107494K, committed 107688K, reserved 1142784K
  class space    used 13159K, capacity 13966K, committed 14000K, reserved 1048576K
}
Event: 5177.057 GC heap before
{Heap before GC invocations=22 (full 4):
 PSYoungGen      total 447488K, used 396232K [0x00000000d5580000, 0x00000000f6a80000, 0x0000000100000000)
  eden space 386048K, 100% used [0x00000000d5580000,0x00000000ece80000,0x00000000ece80000)
  from space 61440K, 16% used [0x00000000ece80000,0x00000000ed8721d8,0x00000000f0a80000)
  to   space 59904K, 0% used [0x00000000f3000000,0x00000000f3000000,0x00000000f6a80000)
 ParOldGen       total 321536K, used 61387K [0x0000000080000000, 0x0000000093a00000, 0x00000000d5580000)
  object space 321536K, 19% used [0x0000000080000000,0x0000000083bf2e80,0x0000000093a00000)
 Metaspace       used 111722K, capacity 115872K, committed 116136K, reserved 1150976K
  class space    used 14086K, capacity 14915K, committed 15024K, reserved 1048576K
Event: 5177.195 GC heap after
Heap after GC invocations=22 (full 4):
 PSYoungGen      total 451584K, used 59893K [0x00000000d5580000, 0x00000000fb300000, 0x0000000100000000)
  eden space 391680K, 0% used [0x00000000d5580000,0x00000000d5580000,0x00000000ed400000)
  from space 59904K, 99% used [0x00000000f3000000,0x00000000f6a7d600,0x00000000f6a80000)
  to   space 94208K, 0% used [0x00000000ed400000,0x00000000ed400000,0x00000000f3000000)
 ParOldGen       total 321536K, used 126394K [0x0000000080000000, 0x0000000093a00000, 0x00000000d5580000)
  object space 321536K, 39% used [0x0000000080000000,0x0000000087b6e960,0x0000000093a00000)
 Metaspace       used 111722K, capacity 115872K, committed 116136K, reserved 1150976K
  class space    used 14086K, capacity 14915K, committed 15024K, reserved 1048576K
}
Event: 5222.838 GC heap before
{Heap before GC invocations=23 (full 4):
 PSYoungGen      total 451584K, used 451573K [0x00000000d5580000, 0x00000000fb300000, 0x0000000100000000)
  eden space 391680K, 100% used [0x00000000d5580000,0x00000000ed400000,0x00000000ed400000)
  from space 59904K, 99% used [0x00000000f3000000,0x00000000f6a7d600,0x00000000f6a80000)
  to   space 94208K, 0% used [0x00000000ed400000,0x00000000ed400000,0x00000000f3000000)
 ParOldGen       total 321536K, used 126394K [0x0000000080000000, 0x0000000093a00000, 0x00000000d5580000)
  object space 321536K, 39% used [0x0000000080000000,0x0000000087b6e960,0x0000000093a00000)
 Metaspace       used 120082K, capacity 124568K, committed 124840K, reserved 1159168K
  class space    used 15027K, capacity 15947K, committed 16048K, reserved 1048576K
Event: 5222.943 GC heap after
Heap after GC invocations=23 (full 4):
 PSYoungGen      total 485888K, used 94184K [0x00000000d5580000, 0x00000000fee00000, 0x0000000100000000)
  eden space 391680K, 0% used [0x00000000d5580000,0x00000000d5580000,0x00000000ed400000)
  from space 94208K, 99% used [0x00000000ed400000,0x00000000f2ffa050,0x00000000f3000000)
  to   space 124928K, 0% used [0x00000000f7400000,0x00000000f7400000,0x00000000fee00000)
 ParOldGen       total 321536K, used 164688K [0x0000000080000000, 0x0000000093a00000, 0x00000000d5580000)
  object space 321536K, 51% used [0x0000000080000000,0x000000008a0d4350,0x0000000093a00000)
 Metaspace       used 120082K, capacity 124568K, committed 124840K, reserved 1159168K
  class space    used 15027K, capacity 15947K, committed 16048K, reserved 1048576K
}

Deoptimization events (10 events):
Event: 5221.180 Thread 0x000000001eda8800 Uncommon trap: reason=array_check action=maybe_recompile pc=0x000000000547eb38 method=java.util.ComparableTimSort.mergeLo(IIII)V @ 207
Event: 5221.181 Thread 0x000000001eda8800 Uncommon trap: reason=array_check action=maybe_recompile pc=0x000000000547eb38 method=java.util.ComparableTimSort.mergeLo(IIII)V @ 207
Event: 5221.242 Thread 0x000000001eda8800 Uncommon trap: reason=array_check action=maybe_recompile pc=0x000000000611c32c method=java.util.ComparableTimSort.reverseRange([Ljava/lang/Object;II)V @ 20
Event: 5221.243 Thread 0x000000001eda8800 Uncommon trap: reason=array_check action=maybe_recompile pc=0x000000000611c32c method=java.util.ComparableTimSort.reverseRange([Ljava/lang/Object;II)V @ 20
Event: 5221.243 Thread 0x000000001eda8800 Uncommon trap: reason=array_check action=maybe_recompile pc=0x000000000611c32c method=java.util.ComparableTimSort.reverseRange([Ljava/lang/Object;II)V @ 20
Event: 5221.244 Thread 0x000000001eda8800 Uncommon trap: reason=array_check action=maybe_recompile pc=0x000000000611c32c method=java.util.ComparableTimSort.reverseRange([Ljava/lang/Object;II)V @ 20
Event: 5221.918 Thread 0x000000001eda8800 Uncommon trap: reason=unstable_if action=reinterpret pc=0x0000000006144e08 method=com.google.gson.stream.JsonReader.nextNonWhitespace(Z)I @ 61
Event: 5222.984 Thread 0x000000001eda8800 Uncommon trap: reason=null_check action=make_not_entrant pc=0x00000000047fb72c method=com.sun.tools.javac.util.UnsharedNameTable.fromUtf([BII)Lcom/sun/tools/javac/util/Name; @ 50
Event: 5223.222 Thread 0x000000001eda8800 Uncommon trap: reason=unstable_if action=reinterpret pc=0x0000000006193140 method=android.databinding.tool.reflection.SdkUtil$ApiChecker.buildFullLookup()V @ 49
Event: 5223.780 Thread 0x000000001eda8800 Uncommon trap: reason=unstable_if action=reinterpret pc=0x0000000003967e4c method=org.gradle.internal.operations.DefaultBuildOperationExecutor$3.stop()V @ 61

Classes redefined (0 events):
No events

Internal exceptions (10 events):
Event: 5221.428 Thread 0x000000001eda8800 Exception <a 'java/security/PrivilegedActionException'> (0x00000000e519ef30) thrown at [C:\src\AOSP-openjdk-git\hotspot\src\share\vm\prims\jvm.cpp, line 1502]
Event: 5221.428 Thread 0x000000001eda8800 Exception <a 'java/security/PrivilegedActionException'> (0x00000000e51a1468) thrown at [C:\src\AOSP-openjdk-git\hotspot\src\share\vm\prims\jvm.cpp, line 1502]
Event: 5221.429 Thread 0x000000001eda8800 Exception <a 'java/security/PrivilegedActionException'> (0x00000000e51a2000) thrown at [C:\src\AOSP-openjdk-git\hotspot\src\share\vm\prims\jvm.cpp, line 1502]
Event: 5221.429 Thread 0x000000001eda8800 Exception <a 'java/security/PrivilegedActionException'> (0x00000000e51a45f0) thrown at [C:\src\AOSP-openjdk-git\hotspot\src\share\vm\prims\jvm.cpp, line 1502]
Event: 5221.429 Thread 0x000000001eda8800 Exception <a 'java/security/PrivilegedActionException'> (0x00000000e51a5188) thrown at [C:\src\AOSP-openjdk-git\hotspot\src\share\vm\prims\jvm.cpp, line 1502]
Event: 5221.429 Thread 0x000000001eda8800 Exception <a 'java/security/PrivilegedActionException'> (0x00000000e51a7868) thrown at [C:\src\AOSP-openjdk-git\hotspot\src\share\vm\prims\jvm.cpp, line 1502]
Event: 5221.429 Thread 0x000000001eda8800 Exception <a 'java/security/PrivilegedActionException'> (0x00000000e51a8400) thrown at [C:\src\AOSP-openjdk-git\hotspot\src\share\vm\prims\jvm.cpp, line 1502]
Event: 5222.021 Thread 0x000000001eda8800 Exception <a 'java/lang/NullPointerException'> (0x00000000e9eceee8) thrown at [C:\src\AOSP-openjdk-git\hotspot\src\share\vm\interpreter\linkResolver.cpp, line 1287]
Event: 5222.984 Thread 0x000000001eda8800 Implicit null exception at 0x00000000047fa8ef to 0x00000000047fb6f5
Event: 5223.780 Thread 0x000000001eda8800 Exception <a 'java/lang/reflect/InvocationTargetException'> (0x00000000defb6330) thrown at [C:\src\AOSP-openjdk-git\hotspot\src\share\vm\runtime\reflection.cpp, line 1092]

Events (10 events):
Event: 5223.025 Thread 0x0000000019b7f800 flushing nmethod 0x0000000005e91450
Event: 5223.026 Thread 0x0000000019b7f800 flushing nmethod 0x0000000005ff7f50
Event: 5223.188 Thread 0x000000001eda8800 DEOPT PACKING pc=0x00000000061817f6 sp=0x00000000272ba300
Event: 5223.188 Thread 0x000000001eda8800 DEOPT UNPACKING pc=0x0000000002d475d0 sp=0x00000000272ba090 mode 0
Event: 5223.222 Thread 0x000000001eda8800 Uncommon trap: trap_request=0xffffff65 fr.pc=0x0000000006193140
Event: 5223.222 Thread 0x000000001eda8800 DEOPT PACKING pc=0x0000000006193140 sp=0x00000000272ba300
Event: 5223.222 Thread 0x000000001eda8800 DEOPT UNPACKING pc=0x0000000002d4557b sp=0x00000000272ba310 mode 2
Event: 5223.780 Thread 0x000000001eda8800 Uncommon trap: trap_request=0xffffff65 fr.pc=0x0000000003967e4c
Event: 5223.780 Thread 0x000000001eda8800 DEOPT PACKING pc=0x0000000003967e4c sp=0x00000000272bb580
Event: 5223.780 Thread 0x000000001eda8800 DEOPT UNPACKING pc=0x0000000002d4557b sp=0x00000000272bb588 mode 2


Dynamic libraries:
0x00007ff6684a0000 - 0x00007ff6684d1000 	C:\Program Files\Android\Android Studio\jre\bin\java.exe
0x00007fffd1120000 - 0x00007fffd1310000 	C:\WINDOWS\SYSTEM32\ntdll.dll
0x00007fffd06f0000 - 0x00007fffd07a2000 	C:\WINDOWS\System32\KERNEL32.DLL
0x00007fffceed0000 - 0x00007fffcf175000 	C:\WINDOWS\System32\KERNELBASE.dll
0x00007fffcf4c0000 - 0x00007fffcf563000 	C:\WINDOWS\System32\ADVAPI32.dll
0x00007fffcfe70000 - 0x00007fffcff0e000 	C:\WINDOWS\System32\msvcrt.dll
0x00007fffd1040000 - 0x00007fffd10d7000 	C:\WINDOWS\System32\sechost.dll
0x00007fffd0ea0000 - 0x00007fffd0fc0000 	C:\WINDOWS\System32\RPCRT4.dll
0x00007fffcf310000 - 0x00007fffcf4a4000 	C:\WINDOWS\System32\USER32.dll
0x00007fffceea0000 - 0x00007fffceec1000 	C:\WINDOWS\System32\win32u.dll
0x00007fffd0560000 - 0x00007fffd0586000 	C:\WINDOWS\System32\GDI32.dll
0x00007fffce830000 - 0x00007fffce9c6000 	C:\WINDOWS\System32\gdi32full.dll
0x00007fffcec20000 - 0x00007fffcecbe000 	C:\WINDOWS\System32\msvcp_win.dll
0x00007fffceb20000 - 0x00007fffcec1a000 	C:\WINDOWS\System32\ucrtbase.dll
0x00007fffc0fc0000 - 0x00007fffc1244000 	C:\WINDOWS\WinSxS\amd64_microsoft.windows.common-controls_6595b64144ccf1df_6.0.18362.1198_none_9e820b57e45ad92f\COMCTL32.dll
0x00007fffd0110000 - 0x00007fffd0445000 	C:\WINDOWS\System32\combase.dll
0x00007fffcee20000 - 0x00007fffceea0000 	C:\WINDOWS\System32\bcryptPrimitives.dll
0x00007fffd0450000 - 0x00007fffd047e000 	C:\WINDOWS\System32\IMM32.DLL
0x0000000070f20000 - 0x0000000070ff2000 	C:\Program Files\Android\Android Studio\jre\jre\bin\msvcr100.dll
0x00000000710e0000 - 0x000000007192b000 	C:\Program Files\Android\Android Studio\jre\jre\bin\server\jvm.dll
0x00007fffcf4b0000 - 0x00007fffcf4b8000 	C:\WINDOWS\System32\PSAPI.DLL
0x00007fffb6fa0000 - 0x00007fffb6fa9000 	C:\WINDOWS\SYSTEM32\WSOCK32.dll
0x00007fffc5c10000 - 0x00007fffc5c1a000 	C:\WINDOWS\SYSTEM32\VERSION.dll
0x00007fffc5930000 - 0x00007fffc5954000 	C:\WINDOWS\SYSTEM32\WINMM.dll
0x00007fffd0480000 - 0x00007fffd04ef000 	C:\WINDOWS\System32\WS2_32.dll
0x00007fffc5900000 - 0x00007fffc592d000 	C:\WINDOWS\SYSTEM32\winmmbase.dll
0x00007fffcf180000 - 0x00007fffcf1ca000 	C:\WINDOWS\System32\cfgmgr32.dll
0x00007fffb7ff0000 - 0x00007fffb7fff000 	C:\Program Files\Android\Android Studio\jre\jre\bin\verify.dll
0x00007fff88b60000 - 0x00007fff88b89000 	C:\Program Files\Android\Android Studio\jre\jre\bin\java.dll
0x00007fff8ae00000 - 0x00007fff8ae16000 	C:\Program Files\Android\Android Studio\jre\jre\bin\zip.dll
0x00007fffd07b0000 - 0x00007fffd0e97000 	C:\WINDOWS\System32\SHELL32.dll
0x00007fffcffe0000 - 0x00007fffd0089000 	C:\WINDOWS\System32\shcore.dll
0x00007fffce0a0000 - 0x00007fffce821000 	C:\WINDOWS\System32\windows.storage.dll
0x00007fffce050000 - 0x00007fffce073000 	C:\WINDOWS\System32\profapi.dll
0x00007fffce000000 - 0x00007fffce04a000 	C:\WINDOWS\System32\powrprof.dll
0x00007fffcdfd0000 - 0x00007fffcdfe0000 	C:\WINDOWS\System32\UMPDC.dll
0x00007fffcff80000 - 0x00007fffcffd2000 	C:\WINDOWS\System32\shlwapi.dll
0x00007fffcdfe0000 - 0x00007fffcdff1000 	C:\WINDOWS\System32\kernel.appcore.dll
0x00007fffcee00000 - 0x00007fffcee17000 	C:\WINDOWS\System32\cryptsp.dll
0x00007fff88630000 - 0x00007fff8864a000 	C:\Program Files\Android\Android Studio\jre\jre\bin\net.dll
0x00007fffcd820000 - 0x00007fffcd887000 	C:\WINDOWS\system32\mswsock.dll
0x00007fff8ae20000 - 0x00007fff8ae33000 	C:\Program Files\Android\Android Studio\jre\jre\bin\nio.dll
0x00007fffc8a60000 - 0x00007fffc8a86000 	C:\Users\shafi\.gradle\native\31\windows-amd64\native-platform.dll
0x00007fffabac0000 - 0x00007fffabacd000 	C:\Program Files\Android\Android Studio\jre\jre\bin\management.dll
0x00007fffcd390000 - 0x00007fffcd3c3000 	C:\WINDOWS\system32\rsaenh.dll
0x00007fffcedd0000 - 0x00007fffcedf6000 	C:\WINDOWS\System32\bcrypt.dll
0x00007fffcdeb0000 - 0x00007fffcded5000 	C:\WINDOWS\SYSTEM32\USERENV.dll
0x00007fffcd9f0000 - 0x00007fffcd9fc000 	C:\WINDOWS\SYSTEM32\CRYPTBASE.dll
0x00007fffcd530000 - 0x00007fffcd56a000 	C:\WINDOWS\SYSTEM32\IPHLPAPI.DLL
0x00007fffd0590000 - 0x00007fffd0598000 	C:\WINDOWS\System32\NSI.dll
0x00007fffc6150000 - 0x00007fffc6166000 	C:\WINDOWS\SYSTEM32\dhcpcsvc6.DLL
0x00007fffc6730000 - 0x00007fffc674c000 	C:\WINDOWS\SYSTEM32\dhcpcsvc.DLL
0x00007fffcd570000 - 0x00007fffcd63b000 	C:\WINDOWS\SYSTEM32\DNSAPI.dll

VM Arguments:
jvm_args: -Xmx2048m -Dfile.encoding=windows-1252 -Duser.country=US -Duser.language=en -Duser.variant 
java_command: org.gradle.launcher.daemon.bootstrap.GradleDaemon 6.1.1
java_class_path (initial): C:\Users\shafi\.gradle\wrapper\dists\gradle-6.1.1-all\cfmwm155h49vnt3hynmlrsdst\gradle-6.1.1\lib\gradle-launcher-6.1.1.jar
Launcher Type: SUN_STANDARD

Environment Variables:
JAVA_HOME=C:\Program Files (x86)\Java\jdk1.8.0_171
PATH=C:\Program Files (x86)\Common Files\Oracle\Java\javapath;C:\Program Files (x86)\Intel\iCLS Client\;C:\Program Files\Intel\iCLS Client\;C:\Windows\system32;C:\Windows;C:\Windows\System32\Wbem;C:\Windows\System32\WindowsPowerShell\v1.0\;C:\Program Files (x86)\NVIDIA Corporation\PhysX\Common;C:\Program Files (x86)\Intel\Intel(R) Management Engine Components\DAL;C:\Program Files\Intel\Intel(R) Management Engine Components\DAL;C:\Program Files (x86)\Intel\Intel(R) Management Engine Components\IPT;C:\Program Files\Intel\Intel(R) Management Engine Components\IPT;C:\Gradle\gradle-4.8.1\bin;C:\Program Files (x86)\Java\jdk1.8.0_171\bin;C:\Program Files\Git\cmd;C:\WINDOWS\system32;C:\WINDOWS;C:\WINDOWS\System32\Wbem;C:\WINDOWS\System32\WindowsPowerShell\v1.0\;C:\WINDOWS\System32\OpenSSH\;C:\Program Files\Microsoft VS Code\bin;C:\Program Files\Intel\WiFi\bin\;C:\Program Files\Common Files\Intel\WirelessCommon\;C:\Users\shafi\AppData\Roaming\nvm;C:\Program Files\nodejs;C:\Program Files\nodejs\;C:\Program Files\apache-maven-3.6.0\bin;C:\Users\shafi\AppData\Local\Programs\Python\Python36-32\Scripts\;C:\Users\shafi\AppData\Local\Programs\Python\Python36-32\;C:\Users\shafi\AppData\Local\Microsoft\WindowsApps;C:\Program Files\Microsoft VS Code\bin;C:\Program Files\heroku\bin;C:\Program Files\JetBrains\IntelliJ IDEA 2018.3.4\bin;;C:\Program Files\JetBrains\IntelliJ IDEA Community Edition 2018.3.4\bin;;C:\Users\shafi\AppData\Roaming\nvm;C:\Program Files\nodejs;C:\Users\shafi\AppData\Roaming\npm;
USERNAME=shafi
OS=Windows_NT
PROCESSOR_IDENTIFIER=Intel64 Family 6 Model 142 Stepping 10, GenuineIntel



---------------  S Y S T E M  ---------------

OS: Windows 10.0 , 64 bit Build 18362 (10.0.18362.1110)

CPU:total 8 (initial active 8) (4 cores per cpu, 2 threads per core) family 6 model 142 stepping 10, cmov, cx8, fxsr, mmx, sse, sse2, sse3, ssse3, sse4.1, sse4.2, popcnt, avx, avx2, aes, clmul, erms, 3dnowpref, lzcnt, ht, tsc, tscinvbit, bmi1, bmi2, adx

Memory: 4k page, physical 16634404k(2948424k free), swap 16634404k(5196k free)

vm_info: OpenJDK 64-Bit Server VM (25.242-b01) for windows-amd64 JRE (1.8.0_242-release-1644-b01), built by "builder" with MS VC++ 10.0 (VS2010)

time: Fri Nov 20 00:25:16 2020
timezone: SE Asia Standard Time
elapsed time: 5223 seconds (0d 1h 27m 3s)

